
ROM used:   499/8192 (6%)
            499/8192 (6%) including unused fragments

            0.7 Average locations per line
            17.2 Average locations per statement

RAM used:   12/368 (3%) at main() level
            25/368 (7%) worst case

Stack used: 1 worst case (1 in main + 0 for interrupts)
Stack size: 8

Lines Stmts  %   Files
----- ----- ---  -----
   50    29 100  fire alarm.c
  661     0   0  ..\..\..\..\..\..\..\Program Files (x86)\PICC\Devices\16F877A.h
----- -----
  711    29 Total

Page ROM  %  RAM   Vol Diff  Functions:
---- --- --- ---   --- ----  ----------
0     21   4    1             @delay_ms1
0    190  38    6   931  5.8  main
0     31   6    2             @ITOF
0    119  24   13             @MULFF
0     33   7    4             @SFTOI
0      5   1    0             @const640
0     77  15    4             @PSTRINGC7_9600_62_63
0     11   2    0             @const643
0      8   2    0             @const645
 Inline         0             @cinit1

Program metrics:
    Functions               1
    Statements              29
    Comments                110
    Volume (V)              952
    Difficulty (D)          5.2
    Effort to implement (E) 4929
    Time to implement (T)   5 minutes
    Est Delivered Bugs (B)  0
    Cyclomatic Complexity   2
    Maintainability (MI)    55

 Segment     Used  Free
-----------  ----  ----
00000-00003     4  0  
00004-007FF   495  1549  
00800-00FFF     0  2048  
01000-017FF     0  2048  
01800-01FFF     0  2048  



