
ROM used:   1257/8192 (15%)
            1257/8192 (15%) including unused fragments

            1.1 Average locations per line
            10.1 Average locations per statement

RAM used:   14/368 (4%) at main() level
            39/368 (11%) worst case

Stack used: 5 worst case (5 in main + 0 for interrupts)
Stack size: 8

Lines Stmts  %   Files
----- ----- ---  -----
   58    24  19  jai.c
  661     0   0  ..\..\..\..\..\Program Files (x86)\PICC\Devices\16F877A.h
  456   100  81  ..\..\..\..\..\Program Files (x86)\PICC\Drivers\lcd.c
----- -----
 1175   124 Total

Page ROM  %  RAM   Vol Diff  Functions:
---- --- --- ---   --- ----  ----------
0     21   2    1             @delay_ms1
0      8   1    0             @const626
 Inline         3   760  4.5  lcd_read_byte
0     49   4    2   262  3.7  lcd_read_nibble
0     43   3    1   399  2.4  lcd_send_nibble
0     92   7    3   415  3.7  lcd_send_byte
0     61   5    2   704  5.0  lcd_init
0     18   1    4   208  6.3  lcd_gotoxy
0     44   4    1   354  4.7  lcd_putc
0    185  15    8   695  5.8  MAIN
0     39   3    5             @DIV1616
0     31   2    2             @ITOF
0     10   1    0             @const668
0     77   6    4             @PSTRINGC7_645
0      6   0    0             @const670
0     86   7    5             @PSTRINGCN7_645
 Inline        13             @MULFF
 Inline         5             @FTOSD
0     79   6   13             @DIV3232
0    341  27   13             @PRINTF_L32D_645FPFPF
0     63   5   10             @FLT
 Inline         0             @cinit1

Program metrics:
    Functions               8
    Statements              124
    Comments                216
    Volume (V)              5771
    Difficulty (D)          34.0
    Effort to implement (E) 196313
    Time to implement (T)   3 hours, 2 minutes
    Est Delivered Bugs (B)  1
    Cyclomatic Complexity   10
    Maintainability (MI)    141

 Segment     Used  Free
-----------  ----  ----
00000-00003     4  0  
00004-007FF  1253  791  
00800-00FFF     0  2048  
01000-017FF     0  2048  
01800-01FFF     0  2048  



