
ROM used:   440/8192 (5%)
            440/8192 (5%) including unused fragments

            0.4 Average locations per line
            3.4 Average locations per statement

RAM used:   7/368 (2%) at main() level
            20/368 (5%) worst case

Stack used: 2 worst case (2 in main + 0 for interrupts)
Stack size: 8

Lines Stmts  %   Files
----- ----- ---  -----
   52    45  35  attempt2.c
  661     0   0  ..\..\..\..\..\..\..\Program Files (x86)\PICC\Devices\16F877A.h
  456    84  65  ..\..\..\..\..\..\..\Program Files (x86)\PICC\Drivers\lcd.c
----- -----
 1169   129 Total

Page ROM  %  RAM   Vol Diff  Functions:
---- --- --- ---   --- ----  ----------
0     20   5    1             @delay_ms1
0     15   3    1             @delay_us1
0      8   2    0   219  4.0  @const629
 Inline         3   596  5.9  lcd_read_byte
0      6   1    0    59  4.2  lcd_read_nibble
0     17   4    1   179  3.3  lcd_send_nibble
 Inline         3   460  4.7  lcd_send_byte
0    115  26    2   667  5.9  lcd_init
0     55  12    5   127  2.0  pwm
0    200  45    1  1095  7.5  MAIN
 Inline         0             @cinit1

Program metrics:
    Functions               8
    Statements              129
    Comments                212
    Volume (V)              5030
    Difficulty (D)          36.4
    Effort to implement (E) 183232
    Time to implement (T)   2 hours, 50 minutes
    Est Delivered Bugs (B)  1
    Cyclomatic Complexity   6
    Maintainability (MI)    142

 Segment     Used  Free
-----------  ----  ----
00000-00003     4  0  
00004-007FF   436  1608  
00800-00FFF     0  2048  
01000-017FF     0  2048  
01800-01FFF     0  2048  



