CCS PCM C Compiler, Version 5.008, 5967               13-Nov-22 13:40

               Filename:   C:\Users\jarvis\Documents\pic projects\automation\prj\program\attempt2.lst

               ROM used:   440 words (5%)
                           Largest free fragment is 2048
               RAM used:   7 (2%) at main() level
                           20 (5%) worst case
               Stack used: 2 locations
               Stack size: 8

*
0000:  MOVLW  00
0001:  MOVWF  0A
0002:  GOTO   0F0
0003:  NOP
.................... #include <16F877A.h> 
.................... //////// Standard Header file for the PIC16F877A device //////////////// 
.................... #device PIC16F877A 
0004:  BCF    0A.0
0005:  BCF    0A.1
0006:  BCF    0A.2
0007:  ADDWF  02,F
0008:  RETLW  28
0009:  RETLW  0C
000A:  RETLW  01
000B:  RETLW  06
....................  
.................... #list 
....................  
.................... #device ADC=10 
....................  
.................... #FUSES NOWDT                    //No Watch Dog Timer 
.................... #FUSES PUT                      //Power Up Timer 
.................... #FUSES NOBROWNOUT               //No brownout reset 
.................... #FUSES NOLVP                    //No low voltage prgming, B3(PIC16) or B5(PIC18) used for I/O 
....................  
.................... #use delay(crystal=20000000) 
000C:  MOVLW  2B
000D:  MOVWF  04
000E:  BCF    03.7
000F:  MOVF   00,W
0010:  BTFSC  03.2
0011:  GOTO   01F
0012:  MOVLW  06
0013:  MOVWF  78
0014:  CLRF   77
0015:  DECFSZ 77,F
0016:  GOTO   015
0017:  DECFSZ 78,F
0018:  GOTO   014
0019:  MOVLW  7B
001A:  MOVWF  77
001B:  DECFSZ 77,F
001C:  GOTO   01B
001D:  DECFSZ 00,F
001E:  GOTO   012
001F:  RETURN
*
00AA:  MOVLW  03
00AB:  SUBWF  2D,F
00AC:  BTFSS  03.0
00AD:  GOTO   0B8
00AE:  MOVLW  2D
00AF:  MOVWF  04
00B0:  BCF    03.7
00B1:  MOVF   00,W
00B2:  BTFSC  03.2
00B3:  GOTO   0B8
00B4:  GOTO   0B6
00B5:  GOTO   0B6
00B6:  DECFSZ 00,F
00B7:  GOTO   0B5
00B8:  RETURN
.................... #include <lcd.c> 
.................... /////////////////////////////////////////////////////////////////////////////// 
.................... ////                             LCD.C                                     //// 
.................... ////                 Driver for common LCD modules                         //// 
.................... ////                                                                       //// 
.................... ////  lcd_init()   Must be called before any other function.               //// 
.................... ////                                                                       //// 
.................... ////  lcd_putc(c)  Will display c on the next position of the LCD.         //// 
.................... ////                 \a  Set cursor position to upper left                 //// 
.................... ////                 \f  Clear display, set cursor to upper left           //// 
.................... ////                 \n  Go to start of second line                        //// 
.................... ////                 \b  Move back one position                            //// 
.................... ////              If LCD_EXTENDED_NEWLINE is defined, the \n character     //// 
.................... ////              will erase all remanining characters on the current      //// 
.................... ////              line, and move the cursor to the beginning of the next   //// 
.................... ////              line.                                                    //// 
.................... ////              If LCD_EXTENDED_NEWLINE is defined, the \r character     //// 
.................... ////              will move the cursor to the start of the current         //// 
.................... ////              line.                                                    //// 
.................... ////                                                                       //// 
.................... ////  lcd_gotoxy(x,y) Set write position on LCD (upper left is 1,1)        //// 
.................... ////                                                                       //// 
.................... ////  lcd_getc(x,y)   Returns character at position x,y on LCD             //// 
.................... ////                                                                       //// 
.................... ////  lcd_cursor_on(int1 on)   Turn the cursor on (on=TRUE) or off         //// 
.................... ////              (on=FALSE).                                              //// 
.................... ////                                                                       //// 
.................... ////  lcd_set_cgram_char(w, *p)   Write a custom character to the CGRAM.   //// 
.................... ////                                                                       //// 
.................... ////                                                                       //// 
.................... ////  CONFIGURATION                                                        //// 
.................... ////  The LCD can be configured in one of two ways: a.) port access or     //// 
.................... ////  b.) pin access.  Port access requires the entire 7 bit interface     //// 
.................... ////  connected to one GPIO port, and the data bits (D4:D7 of the LCD)     //// 
.................... ////  connected to sequential pins on the GPIO.  Pin access                //// 
.................... ////  has no requirements, all 7 bits of the control interface can         //// 
.................... ////  can be connected to any GPIO using several ports.                    //// 
.................... ////                                                                       //// 
.................... ////  To use port access, #define LCD_DATA_PORT to the SFR location of     //// 
.................... ////  of the GPIO port that holds the interface, -AND- edit LCD_PIN_MAP    //// 
.................... ////  of this file to configure the pin order.  If you are using a         //// 
.................... ////  baseline PIC (PCB), then LCD_OUTPUT_MAP and LCD_INPUT_MAP also must  //// 
.................... ////  be defined.                                                          //// 
.................... ////                                                                       //// 
.................... ////  Example of port access:                                              //// 
.................... ////     #define LCD_DATA_PORT getenv("SFR:PORTD")                         //// 
.................... ////                                                                       //// 
.................... ////  To use pin access, the following pins must be defined:               //// 
.................... ////     LCD_ENABLE_PIN                                                    //// 
.................... ////     LCD_RS_PIN                                                        //// 
.................... ////     LCD_RW_PIN                                                        //// 
.................... ////     LCD_DATA4                                                         //// 
.................... ////     LCD_DATA5                                                         //// 
.................... ////     LCD_DATA6                                                         //// 
.................... ////     LCD_DATA7                                                         //// 
.................... ////                                                                       //// 
.................... ////  Example of pin access:                                               //// 
.................... ////     #define LCD_ENABLE_PIN  PIN_E0                                    //// 
.................... ////     #define LCD_RS_PIN      PIN_E1                                    //// 
.................... ////     #define LCD_RW_PIN      PIN_E2                                    //// 
.................... ////     #define LCD_DATA4       PIN_D4                                    //// 
.................... ////     #define LCD_DATA5       PIN_D5                                    //// 
.................... ////     #define LCD_DATA6       PIN_D6                                    //// 
.................... ////     #define LCD_DATA7       PIN_D7                                    //// 
.................... ////                                                                       //// 
.................... /////////////////////////////////////////////////////////////////////////////// 
.................... ////        (C) Copyright 1996,2010 Custom Computer Services           //// 
.................... //// This source code may only be used by licensed users of the CCS C  //// 
.................... //// compiler.  This source code may only be distributed to other      //// 
.................... //// licensed users of the CCS C compiler.  No other use, reproduction //// 
.................... //// or distribution is permitted without written permission.          //// 
.................... //// Derivative programs created using this software in object code    //// 
.................... //// form are not restricted in any way.                               //// 
.................... /////////////////////////////////////////////////////////////////////////// 
....................  
.................... #ifndef __LCD_C__ 
.................... #define __LCD_C__ 
....................  
.................... // define the pinout. 
.................... // only required if port access is being used. 
.................... typedef struct   
.................... {                            // This structure is overlayed 
....................    int1 enable;           // on to an I/O port to gain 
....................    int1 rs;               // access to the LCD pins. 
....................    int1 rw;               // The bits are allocated from 
....................    int1 unused;           // low order up.  ENABLE will 
....................    unsigned int     data : 4;         // be LSB pin of that port. 
....................   #if defined(__PCD__)       // The port used will be LCD_DATA_PORT. 
....................    unsigned int    reserved: 8; 
....................   #endif 
.................... } LCD_PIN_MAP; 
....................  
.................... // this is to improve compatability with previous LCD drivers that accepted 
.................... // a define labeled 'use_portb_lcd' that configured the LCD onto port B. 
.................... #if ((defined(use_portb_lcd)) && (use_portb_lcd==TRUE)) 
....................  #define LCD_DATA_PORT getenv("SFR:PORTB") 
.................... #endif 
....................  
.................... #if defined(__PCB__) 
....................    // these definitions only need to be modified for baseline PICs. 
....................    // all other PICs use LCD_PIN_MAP or individual LCD_xxx pin definitions. 
.................... /*                                    EN, RS,   RW,   UNUSED,  DATA  */ 
....................  const LCD_PIN_MAP LCD_OUTPUT_MAP =  {0,  0,    0,    0,       0}; 
....................  const LCD_PIN_MAP LCD_INPUT_MAP =   {0,  0,    0,    0,       0xF}; 
.................... #endif 
....................  
.................... ////////////////////// END CONFIGURATION /////////////////////////////////// 
....................  
.................... #ifndef LCD_ENABLE_PIN 
....................    #define lcd_output_enable(x) lcdlat.enable=x 
....................    #define lcd_enable_tris()   lcdtris.enable=0 
.................... #else 
....................    #define lcd_output_enable(x) output_bit(LCD_ENABLE_PIN, x) 
....................    #define lcd_enable_tris()  output_drive(LCD_ENABLE_PIN) 
.................... #endif 
....................  
.................... #ifndef LCD_RS_PIN 
....................    #define lcd_output_rs(x) lcdlat.rs=x 
....................    #define lcd_rs_tris()   lcdtris.rs=0 
.................... #else 
....................    #define lcd_output_rs(x) output_bit(LCD_RS_PIN, x) 
....................    #define lcd_rs_tris()  output_drive(LCD_RS_PIN) 
.................... #endif 
....................  
.................... #ifndef LCD_RW_PIN 
....................    #define lcd_output_rw(x) lcdlat.rw=x 
....................    #define lcd_rw_tris()   lcdtris.rw=0 
.................... #else 
....................    #define lcd_output_rw(x) output_bit(LCD_RW_PIN, x) 
....................    #define lcd_rw_tris()  output_drive(LCD_RW_PIN) 
.................... #endif 
....................  
.................... // original version of this library incorrectly labeled LCD_DATA0 as LCD_DATA4, 
.................... // LCD_DATA1 as LCD_DATA5, and so on.  this block of code makes the driver 
.................... // compatible with any code written for the original library 
.................... #if (defined(LCD_DATA0) && defined(LCD_DATA1) && defined(LCD_DATA2) && defined(LCD_DATA3) && !defined(LCD_DATA4) && !defined(LCD_DATA5) && !defined(LCD_DATA6) && !defined(LCD_DATA7)) 
....................    #define  LCD_DATA4    LCD_DATA0 
....................    #define  LCD_DATA5    LCD_DATA1 
....................    #define  LCD_DATA6    LCD_DATA2 
....................    #define  LCD_DATA7    LCD_DATA3 
.................... #endif 
....................  
.................... #ifndef LCD_DATA4 
.................... #ifndef LCD_DATA_PORT 
....................    #if defined(__PCB__) 
....................       #define LCD_DATA_PORT      0x06     //portb 
....................       #define set_tris_lcd(x)   set_tris_b(x) 
....................    #else 
....................      #if defined(PIN_D0) 
....................       #define LCD_DATA_PORT      getenv("SFR:PORTD")     //portd 
....................      #else 
....................       #define LCD_DATA_PORT      getenv("SFR:PORTB")     //portb 
....................      #endif 
....................    #endif    
.................... #endif 
....................  
.................... #if defined(__PCB__) 
....................    LCD_PIN_MAP lcd, lcdlat; 
....................    #byte lcd = LCD_DATA_PORT 
....................    #byte lcdlat = LCD_DATA_PORT 
.................... #elif defined(__PCM__) 
....................    LCD_PIN_MAP lcd, lcdlat, lcdtris; 
....................    #byte lcd = LCD_DATA_PORT 
....................    #byte lcdlat = LCD_DATA_PORT 
....................    #byte lcdtris = LCD_DATA_PORT+0x80 
.................... #elif defined(__PCH__) 
....................    LCD_PIN_MAP lcd, lcdlat, lcdtris; 
....................    #byte lcd = LCD_DATA_PORT 
....................    #byte lcdlat = LCD_DATA_PORT+9 
....................    #byte lcdtris = LCD_DATA_PORT+0x12 
.................... #elif defined(__PCD__) 
....................    LCD_PIN_MAP lcd, lcdlat, lcdtris; 
....................    #word lcd = LCD_DATA_PORT 
....................    #word lcdlat = LCD_DATA_PORT+2 
....................    #word lcdtris = LCD_DATA_PORT-0x02 
.................... #endif 
.................... #endif   //LCD_DATA4 not defined 
....................  
.................... #ifndef LCD_TYPE 
....................    #define LCD_TYPE 2           // 0=5x7, 1=5x10, 2=2 lines 
.................... #endif 
....................  
.................... #ifndef LCD_LINE_TWO 
....................    #define LCD_LINE_TWO 0x40    // LCD RAM address for the second line 
.................... #endif 
....................  
.................... #ifndef LCD_LINE_LENGTH 
....................    #define LCD_LINE_LENGTH 20 
.................... #endif 
....................  
.................... unsigned int8 const LCD_INIT_STRING[4] = {0x20 | (LCD_TYPE << 2), 0xc, 1, 6}; 
....................                              // These bytes need to be sent to the LCD 
....................                              // to start it up. 
....................  
.................... unsigned int8 lcd_read_nibble(void); 
....................  
.................... unsigned int8 lcd_read_byte(void) 
.................... { 
....................    unsigned int8 low,high; 
....................  
....................  #if defined(__PCB__) 
....................    set_tris_lcd(LCD_INPUT_MAP); 
....................  #else 
....................   #if (defined(LCD_DATA4) && defined(LCD_DATA5) && defined(LCD_DATA6) && defined(LCD_DATA7)) 
....................    output_float(LCD_DATA4); 
....................    output_float(LCD_DATA5); 
....................    output_float(LCD_DATA6); 
....................    output_float(LCD_DATA7); 
....................   #else 
....................    lcdtris.data = 0xF; 
*
006A:  MOVLW  0F
006B:  BSF    03.5
006C:  ANDWF  08,W
006D:  IORLW  F0
006E:  MOVWF  08
....................   #endif 
....................  #endif 
....................          
....................    lcd_output_rw(1); 
006F:  BCF    03.5
0070:  BSF    08.2
....................    delay_cycles(1); 
0071:  NOP
....................    lcd_output_enable(1); 
0072:  BSF    08.0
....................    delay_cycles(1); 
0073:  NOP
....................    high = lcd_read_nibble(); 
0074:  CALL   031
0075:  MOVF   78,W
0076:  MOVWF  2D
....................        
....................    lcd_output_enable(0); 
0077:  BCF    08.0
....................    delay_cycles(1); 
0078:  NOP
....................    lcd_output_enable(1); 
0079:  BSF    08.0
....................    delay_us(1); 
007A:  GOTO   07B
007B:  GOTO   07C
007C:  NOP
....................    low = lcd_read_nibble(); 
007D:  CALL   031
007E:  MOVF   78,W
007F:  MOVWF  2C
....................        
....................    lcd_output_enable(0); 
0080:  BCF    08.0
....................  
....................  #if defined(__PCB__) 
....................    set_tris_lcd(LCD_OUTPUT_MAP); 
....................  #else 
....................   #if (defined(LCD_DATA4) && defined(LCD_DATA5) && defined(LCD_DATA6) && defined(LCD_DATA7)) 
....................    output_drive(LCD_DATA4); 
....................    output_drive(LCD_DATA5); 
....................    output_drive(LCD_DATA6); 
....................    output_drive(LCD_DATA7); 
....................   #else 
....................    lcdtris.data = 0x0; 
0081:  MOVLW  0F
0082:  BSF    03.5
0083:  ANDWF  08,W
0084:  MOVWF  08
....................   #endif 
....................  #endif 
....................  
....................    return( (high<<4) | low); 
0085:  BCF    03.5
0086:  SWAPF  2D,W
0087:  MOVWF  77
0088:  MOVLW  F0
0089:  ANDWF  77,F
008A:  MOVF   77,W
008B:  IORWF  2C,W
008C:  MOVWF  78
.................... } 
....................  
.................... unsigned int8 lcd_read_nibble(void) 
.................... { 
....................   #if (defined(LCD_DATA4) && defined(LCD_DATA5) && defined(LCD_DATA6) && defined(LCD_DATA7)) 
....................    unsigned int8 n = 0x00; 
....................  
....................    /* Read the data port */ 
....................    n |= input(LCD_DATA4); 
....................    n |= input(LCD_DATA5) << 1; 
....................    n |= input(LCD_DATA6) << 2; 
....................    n |= input(LCD_DATA7) << 3; 
....................     
....................    return(n); 
....................   #else 
....................    return(lcd.data); 
*
0031:  MOVF   08,W
0032:  MOVWF  77
0033:  SWAPF  08,W
0034:  ANDLW  0F
0035:  MOVWF  78
....................   #endif 
0036:  RETURN
.................... } 
....................  
.................... void lcd_send_nibble(unsigned int8 n) 
.................... { 
....................   #if (defined(LCD_DATA4) && defined(LCD_DATA5) && defined(LCD_DATA6) && defined(LCD_DATA7)) 
....................    /* Write to the data port */ 
....................    output_bit(LCD_DATA4, bit_test(n, 0)); 
....................    output_bit(LCD_DATA5, bit_test(n, 1)); 
....................    output_bit(LCD_DATA6, bit_test(n, 2)); 
....................    output_bit(LCD_DATA7, bit_test(n, 3)); 
....................   #else       
....................    lcdlat.data = n; 
*
0020:  SWAPF  2D,W
0021:  ANDLW  F0
0022:  MOVWF  77
0023:  MOVLW  0F
0024:  ANDWF  08,W
0025:  IORWF  77,W
0026:  MOVWF  08
....................   #endif 
....................        
....................    delay_cycles(1); 
0027:  NOP
....................    lcd_output_enable(1); 
0028:  BSF    08.0
....................    delay_us(2); 
0029:  MOVLW  02
002A:  MOVWF  77
002B:  DECFSZ 77,F
002C:  GOTO   02B
002D:  GOTO   02E
002E:  NOP
....................    lcd_output_enable(0); 
002F:  BCF    08.0
0030:  RETURN
.................... } 
....................  
.................... void lcd_send_byte(unsigned int8 address, unsigned int8 n) 
.................... { 
....................   #if defined(__PCB__) 
....................    set_tris_lcd(LCD_OUTPUT_MAP); 
....................   #else 
....................    lcd_enable_tris(); 
*
0064:  BSF    03.5
0065:  BCF    08.0
....................    lcd_rs_tris(); 
0066:  BCF    08.1
....................    lcd_rw_tris(); 
0067:  BCF    08.2
....................   #endif 
....................  
....................    lcd_output_rs(0); 
0068:  BCF    03.5
0069:  BCF    08.1
....................    while ( bit_test(lcd_read_byte(),7) ) ; 
*
008D:  MOVF   78,W
008E:  MOVWF  2C
008F:  BTFSC  2C.7
0090:  GOTO   06A
....................    lcd_output_rs(address); 
0091:  BTFSS  2A.0
0092:  BCF    08.1
0093:  BTFSC  2A.0
0094:  BSF    08.1
....................    delay_cycles(1); 
0095:  NOP
....................    lcd_output_rw(0); 
0096:  BCF    08.2
....................    delay_cycles(1); 
0097:  NOP
....................    lcd_output_enable(0); 
0098:  BCF    08.0
....................    lcd_send_nibble(n >> 4); 
0099:  SWAPF  2B,W
009A:  MOVWF  2C
009B:  MOVLW  0F
009C:  ANDWF  2C,F
009D:  MOVF   2C,W
009E:  MOVWF  2D
009F:  CALL   020
....................    lcd_send_nibble(n & 0xf); 
00A0:  MOVF   2B,W
00A1:  ANDLW  0F
00A2:  MOVWF  2C
00A3:  MOVWF  2D
00A4:  CALL   020
.................... } 
....................  
.................... #if defined(LCD_EXTENDED_NEWLINE) 
.................... unsigned int8 g_LcdX, g_LcdY; 
.................... #endif 
....................  
.................... void lcd_init(void)  
.................... { 
....................    unsigned int8 i; 
....................  
....................  #if defined(__PCB__) 
....................    set_tris_lcd(LCD_OUTPUT_MAP); 
....................  #else 
....................   #if (defined(LCD_DATA4) && defined(LCD_DATA5) && defined(LCD_DATA6) && defined(LCD_DATA7)) 
....................    output_drive(LCD_DATA4); 
....................    output_drive(LCD_DATA5); 
....................    output_drive(LCD_DATA6); 
....................    output_drive(LCD_DATA7); 
....................   #else 
....................    lcdtris.data = 0x0; 
*
0037:  MOVLW  0F
0038:  BSF    03.5
0039:  ANDWF  08,W
003A:  MOVWF  08
....................   #endif 
....................    lcd_enable_tris(); 
003B:  BCF    08.0
....................    lcd_rs_tris(); 
003C:  BCF    08.1
....................    lcd_rw_tris(); 
003D:  BCF    08.2
....................  #endif 
....................  
....................    lcd_output_rs(0); 
003E:  BCF    03.5
003F:  BCF    08.1
....................    lcd_output_rw(0); 
0040:  BCF    08.2
....................    lcd_output_enable(0); 
0041:  BCF    08.0
....................      
....................    delay_ms(15); 
0042:  MOVLW  0F
0043:  MOVWF  2B
0044:  CALL   00C
....................    for(i=1;i<=3;++i) 
0045:  MOVLW  01
0046:  MOVWF  28
0047:  MOVF   28,W
0048:  SUBLW  03
0049:  BTFSS  03.0
004A:  GOTO   053
....................    { 
....................        lcd_send_nibble(3); 
004B:  MOVLW  03
004C:  MOVWF  2D
004D:  CALL   020
....................        delay_ms(5); 
004E:  MOVLW  05
004F:  MOVWF  2B
0050:  CALL   00C
0051:  INCF   28,F
0052:  GOTO   047
....................    } 
....................     
....................    lcd_send_nibble(2); 
0053:  MOVLW  02
0054:  MOVWF  2D
0055:  CALL   020
....................    delay_ms(5); 
0056:  MOVLW  05
0057:  MOVWF  2B
0058:  CALL   00C
....................    for(i=0;i<=3;++i) 
0059:  CLRF   28
005A:  MOVF   28,W
005B:  SUBLW  03
005C:  BTFSS  03.0
005D:  GOTO   0A7
....................       lcd_send_byte(0,LCD_INIT_STRING[i]); 
005E:  MOVF   28,W
005F:  CALL   004
0060:  MOVWF  29
0061:  CLRF   2A
0062:  MOVF   29,W
0063:  MOVWF  2B
....................  
....................   #if defined(LCD_EXTENDED_NEWLINE) 
*
00A5:  INCF   28,F
00A6:  GOTO   05A
00A7:  BCF    0A.3
00A8:  BCF    0A.4
00A9:  GOTO   0FF (RETURN)
....................    g_LcdX = 0; 
....................    g_LcdY = 0; 
....................   #endif 
.................... } 
....................  
.................... void lcd_gotoxy(unsigned int8 x, unsigned int8 y) 
.................... { 
....................    unsigned int8 address; 
....................     
....................    if(y!=1) 
....................       address=LCD_LINE_TWO; 
....................    else 
....................       address=0; 
....................       
....................    address+=x-1; 
....................    lcd_send_byte(0,0x80|address); 
....................  
....................   #if defined(LCD_EXTENDED_NEWLINE) 
....................    g_LcdX = x - 1; 
....................    g_LcdY = y - 1; 
....................   #endif 
.................... } 
....................  
.................... void lcd_putc(char c) 
.................... { 
....................    switch (c) 
....................    { 
....................       case '\a'   :  lcd_gotoxy(1,1);     break; 
....................  
....................       case '\f'   :  lcd_send_byte(0,1); 
....................                      delay_ms(2); 
....................                     #if defined(LCD_EXTENDED_NEWLINE) 
....................                      g_LcdX = 0; 
....................                      g_LcdY = 0; 
....................                     #endif 
....................                      break; 
....................  
....................      #if defined(LCD_EXTENDED_NEWLINE) 
....................       case '\r'   :  lcd_gotoxy(1, g_LcdY+1);   break; 
....................       case '\n'   : 
....................          while (g_LcdX++ < LCD_LINE_LENGTH) 
....................          { 
....................             lcd_send_byte(1, ' '); 
....................          } 
....................          lcd_gotoxy(1, g_LcdY+2); 
....................          break; 
....................      #else 
....................       case '\n'   : lcd_gotoxy(1,2);        break; 
....................      #endif 
....................       
....................       case '\b'   : lcd_send_byte(0,0x10);  break; 
....................       
....................      #if defined(LCD_EXTENDED_NEWLINE) 
....................       default     :  
....................          if (g_LcdX < LCD_LINE_LENGTH) 
....................          { 
....................             lcd_send_byte(1, c); 
....................             g_LcdX++; 
....................          } 
....................          break; 
....................      #else 
....................       default     : lcd_send_byte(1,c);     break; 
....................      #endif 
....................    } 
.................... } 
....................   
.................... char lcd_getc(unsigned int8 x, unsigned int8 y) 
.................... { 
....................    char value; 
....................  
....................    lcd_gotoxy(x,y); 
....................    while ( bit_test(lcd_read_byte(),7) ); // wait until busy flag is low 
....................    lcd_output_rs(1); 
....................    value = lcd_read_byte(); 
....................    lcd_output_rs(0); 
....................     
....................    return(value); 
.................... } 
....................  
.................... // write a custom character to the ram 
.................... // which is 0-7 and specifies which character array we are modifying. 
.................... // ptr points to an array of 8 bytes, where each byte is the next row of 
.................... //    pixels.  only bits 0-4 are used.  the last row is the cursor row, and 
.................... //    usually you will want to leave this byte 0x00. 
.................... void lcd_set_cgram_char(unsigned int8 which, unsigned int8 *ptr) 
.................... { 
....................    unsigned int i; 
....................  
....................    which <<= 3; 
....................    which &= 0x38; 
....................  
....................    lcd_send_byte(0, 0x40 | which);  //set cgram address 
....................  
....................    for(i=0; i<8; i++) 
....................    { 
....................       lcd_send_byte(1, *ptr++); 
....................    } 
....................    
....................    #if defined(LCD_EXTENDED_NEWLINE) 
....................     lcd_gotoxy(g_LcdX+1, g_LcdY+1);  //set ddram address 
....................    #endif 
.................... } 
....................  
.................... void lcd_cursor_on(int1 on) 
.................... { 
....................    if (on) 
....................    { 
....................       lcd_send_byte(0,0x0F);           //turn LCD cursor ON 
....................    } 
....................    else 
....................    { 
....................       lcd_send_byte(0,0x0C);           //turn LCD cursor OFF 
....................    } 
.................... } 
....................  
.................... #endif 
....................  
.................... ///////////////////////////////////// 
.................... void pwm(int16 x){ 
....................    output_high(pin_c2); 
*
00B9:  BCF    20.2
00BA:  MOVF   20,W
00BB:  BSF    03.5
00BC:  MOVWF  07
00BD:  BCF    03.5
00BE:  BSF    07.2
....................    delay_us((int16)x); 
00BF:  MOVF   29,W
00C0:  MOVWF  2A
00C1:  INCF   2A,F
00C2:  DECF   2A,F
00C3:  BTFSC  03.2
00C4:  GOTO   0C9
00C5:  MOVLW  FF
00C6:  MOVWF  2D
00C7:  CALL   0AA
00C8:  GOTO   0C2
00C9:  MOVF   28,W
00CA:  MOVWF  2D
00CB:  CALL   0AA
....................    output_low(pin_c2); 
00CC:  BCF    20.2
00CD:  MOVF   20,W
00CE:  BSF    03.5
00CF:  MOVWF  07
00D0:  BCF    03.5
00D1:  BCF    07.2
....................    delay_us((int16)20000-x); 
00D2:  MOVF   28,W
00D3:  SUBLW  20
00D4:  MOVWF  2A
00D5:  MOVLW  4E
00D6:  MOVWF  2B
00D7:  MOVF   29,W
00D8:  BTFSS  03.0
00D9:  INCFSZ 29,W
00DA:  SUBWF  2B,F
00DB:  MOVF   2B,W
00DC:  MOVWF  2C
00DD:  INCF   2C,F
00DE:  DECF   2C,F
00DF:  BTFSC  03.2
00E0:  GOTO   0E5
00E1:  MOVLW  FF
00E2:  MOVWF  2D
00E3:  CALL   0AA
00E4:  GOTO   0DE
00E5:  MOVF   2A,W
00E6:  MOVWF  2D
00E7:  CALL   0AA
....................    delay_ms(1000); 
00E8:  MOVLW  04
00E9:  MOVWF  2A
00EA:  MOVLW  FA
00EB:  MOVWF  2B
00EC:  CALL   00C
00ED:  DECFSZ 2A,F
00EE:  GOTO   0EA
00EF:  RETURN
.................... } 
.................... void main(){ 
00F0:  MOVF   03,W
00F1:  ANDLW  1F
00F2:  MOVWF  03
00F3:  MOVLW  FF
00F4:  MOVWF  20
00F5:  BSF    03.5
00F6:  BSF    1F.0
00F7:  BSF    1F.1
00F8:  BSF    1F.2
00F9:  BCF    1F.3
00FA:  MOVLW  07
00FB:  MOVWF  1C
00FC:  BCF    03.7
....................    lcd_init(); 
00FD:  BCF    03.5
00FE:  GOTO   037
....................    long int  ldr1,ldr2=0 ; 
....................    int EC=0;int16 i=1150; 
00FF:  CLRF   24
0100:  CLRF   23
0101:  CLRF   25
0102:  MOVLW  04
0103:  MOVWF  27
0104:  MOVLW  7E
0105:  MOVWF  26
....................    setup_adc_ports(AN0_AN1_AN3); 
0106:  BSF    03.5
0107:  BCF    1F.0
0108:  BCF    1F.1
0109:  BSF    1F.2
010A:  BCF    1F.3
....................    setup_adc(ADC_CLOCK_INTERNAL); 
010B:  BCF    1F.6
010C:  BCF    03.5
010D:  BSF    1F.6
010E:  BSF    1F.7
010F:  BSF    03.5
0110:  BSF    1F.7
0111:  BCF    03.5
0112:  BSF    1F.0
....................    output_b(0X00); 
0113:  BSF    03.5
0114:  CLRF   06
0115:  BCF    03.5
0116:  CLRF   06
....................    output_high(pin_b0); 
0117:  BSF    03.5
0118:  BCF    06.0
0119:  BCF    03.5
011A:  BSF    06.0
....................    pwm(1500); 
011B:  MOVLW  05
011C:  MOVWF  29
011D:  MOVLW  DC
011E:  MOVWF  28
011F:  CALL   0B9
....................   while(TRUE) 
....................    {  output_high(pin_b2); 
0120:  BSF    03.5
0121:  BCF    06.2
0122:  BCF    03.5
0123:  BSF    06.2
....................       delay_ms(2000); 
0124:  MOVLW  08
0125:  MOVWF  28
0126:  MOVLW  FA
0127:  MOVWF  2B
0128:  CALL   00C
0129:  DECFSZ 28,F
012A:  GOTO   126
....................       SET_ADC_CHANNEL(0); 
012B:  MOVLW  00
012C:  MOVWF  78
012D:  MOVF   1F,W
012E:  ANDLW  C7
012F:  IORWF  78,W
0130:  MOVWF  1F
....................       WHILE(!EC) 
0131:  MOVF   25,F
0132:  BTFSS  03.2
0133:  GOTO   138
....................       { EC =adc_done(); } ldr1 = read_adc(); 
0134:  CLRF   25
0135:  BTFSS  1F.2
0136:  INCF   25,F
0137:  GOTO   131
0138:  BSF    1F.2
0139:  BTFSC  1F.2
013A:  GOTO   139
013B:  BSF    03.5
013C:  MOVF   1E,W
013D:  BCF    03.5
013E:  MOVWF  21
013F:  MOVF   1E,W
0140:  MOVWF  22
....................       SET_ADC_CHANNEL(1); 
0141:  MOVLW  08
0142:  MOVWF  78
0143:  MOVF   1F,W
0144:  ANDLW  C7
0145:  IORWF  78,W
0146:  MOVWF  1F
....................       WHILE(!EC) 
0147:  MOVF   25,F
0148:  BTFSS  03.2
0149:  GOTO   14E
....................       { EC =adc_done(); } 
014A:  CLRF   25
014B:  BTFSS  1F.2
014C:  INCF   25,F
014D:  GOTO   147
....................       ldr2 = read_adc(); //ldr2 
014E:  BSF    1F.2
014F:  BTFSC  1F.2
0150:  GOTO   14F
0151:  BSF    03.5
0152:  MOVF   1E,W
0153:  BCF    03.5
0154:  MOVWF  23
0155:  MOVF   1E,W
0156:  MOVWF  24
....................       if (ldr1==0 || ldr2==0) {break;} 
0157:  MOVF   21,F
0158:  BTFSS  03.2
0159:  GOTO   15D
015A:  MOVF   22,F
015B:  BTFSC  03.2
015C:  GOTO   162
015D:  MOVF   23,F
015E:  BTFSS  03.2
015F:  GOTO   163
0160:  MOVF   24,F
0161:  BTFSC  03.2
0162:  GOTO   1A6
....................       output_low(pin_b2); 
0163:  BSF    03.5
0164:  BCF    06.2
0165:  BCF    03.5
0166:  BCF    06.2
....................       if (i> 1900) {i=1150;} 
0167:  MOVF   27,W
0168:  SUBLW  06
0169:  BTFSC  03.0
016A:  GOTO   176
016B:  XORLW  FF
016C:  BTFSS  03.2
016D:  GOTO   172
016E:  MOVF   26,W
016F:  SUBLW  6C
0170:  BTFSC  03.0
0171:  GOTO   176
0172:  MOVLW  04
0173:  MOVWF  27
0174:  MOVLW  7E
0175:  MOVWF  26
....................       if (ldr2 > ldr1) 
0176:  MOVF   22,W
0177:  SUBWF  24,W
0178:  BTFSS  03.0
0179:  GOTO   18E
017A:  BTFSS  03.2
017B:  GOTO   180
017C:  MOVF   23,W
017D:  SUBWF  21,W
017E:  BTFSC  03.0
017F:  GOTO   18E
....................       {  output_high(pin_b3); 
0180:  BSF    03.5
0181:  BCF    06.3
0182:  BCF    03.5
0183:  BSF    06.3
....................          pwm(i); 
0184:  MOVF   27,W
0185:  MOVWF  29
0186:  MOVF   26,W
0187:  MOVWF  28
0188:  CALL   0B9
....................          i=i+60;  } 
0189:  MOVLW  3C
018A:  ADDWF  26,F
018B:  BTFSC  03.0
018C:  INCF   27,F
018D:  GOTO   1A5
....................       else if(ldr1==ldr2 || ldr1>ldr2)    
018E:  MOVF   23,W
018F:  SUBWF  21,W
0190:  BTFSS  03.2
0191:  GOTO   196
0192:  MOVF   24,W
0193:  SUBWF  22,W
0194:  BTFSC  03.2
0195:  GOTO   1A0
0196:  MOVF   24,W
0197:  SUBWF  22,W
0198:  BTFSS  03.0
0199:  GOTO   1A5
019A:  BTFSS  03.2
019B:  GOTO   1A0
019C:  MOVF   21,W
019D:  SUBWF  23,W
019E:  BTFSC  03.0
019F:  GOTO   1A5
....................       {  output_low(pin_b3); 
01A0:  BSF    03.5
01A1:  BCF    06.3
01A2:  BCF    03.5
01A3:  BCF    06.3
....................          continue;   } 
01A4:  GOTO   120
01A5:  GOTO   120
.................... } 
....................    while(ldr1==0 || ldr2==0){ 
01A6:  MOVF   21,F
01A7:  BTFSS  03.2
01A8:  GOTO   1AC
01A9:  MOVF   22,F
01AA:  BTFSC  03.2
01AB:  GOTO   1B2
01AC:  MOVF   23,F
01AD:  BTFSS  03.2
01AE:  GOTO   1B7
01AF:  MOVF   24,F
01B0:  BTFSS  03.2
01B1:  GOTO   1B7
....................      output_high(pin_b1);}    
01B2:  BSF    03.5
01B3:  BCF    06.1
01B4:  BCF    03.5
01B5:  BSF    06.1
01B6:  GOTO   1A6
.................... } 
01B7:  SLEEP

Configuration Fuses:
   Word  1: 3F32   HS NOWDT PUT NOBROWNOUT NOLVP NOCPD NOWRT NODEBUG NOPROTECT
