
ROM used:   31/8192 (0%)
            31/8192 (0%) including unused fragments

            0.0 Average locations per line
            4.4 Average locations per statement

RAM used:   6/368 (2%) at main() level
            6/368 (2%) worst case

Stack used: 0 worst case (0 in main + 0 for interrupts)
Stack size: 8

Lines Stmts  %   Files
----- ----- ---  -----
   28     7 100  relay.c
  661     0   0  ..\..\..\..\..\..\..\Program Files (x86)\PICC\Devices\16F877A.h
----- -----
  689     7 Total

Page ROM  %  RAM   Vol Diff  Functions:
---- --- --- ---   --- ----  ----------
0     27  87    1    98  2.8  main
 Inline         0             @cinit1

Program metrics:
    Functions               1
    Statements              7
    Comments                110
    Volume (V)              100
    Difficulty (D)          2.5
    Effort to implement (E) 255
    Time to implement (T)   0 minutes
    Est Delivered Bugs (B)  0
    Cyclomatic Complexity   1
    Maintainability (MI)    90

 Segment     Used  Free
-----------  ----  ----
00000-00003     4  0  
00004-007FF    27  2017  
00800-00FFF     0  2048  
01000-017FF     0  2048  
01800-01FFF     0  2048  



