
ROM used:   65/8192 (1%)
            65/8192 (1%) including unused fragments

            0.1 Average locations per line
            7.2 Average locations per statement

RAM used:   17/368 (5%) at main() level
            17/368 (5%) worst case

Stack used: 0 worst case (0 in main + 0 for interrupts)
Stack size: 8

Lines Stmts  %   Files
----- ----- ---  -----
   28     9 100  7seg.c
  661     0   0  ..\..\..\..\..\..\..\Program Files (x86)\PICC\Devices\16F877A.h
----- -----
  689     9 Total

Page ROM  %  RAM   Vol Diff  Functions:
---- --- --- ---   --- ----  ----------
0     61  94   12   367  5.8  main
 Inline         0             @cinit1

Program metrics:
    Functions               1
    Statements              9
    Comments                110
    Volume (V)              369
    Difficulty (D)          5.6
    Effort to implement (E) 2071
    Time to implement (T)   2 minutes
    Est Delivered Bugs (B)  0
    Cyclomatic Complexity   2
    Maintainability (MI)    78

 Segment     Used  Free
-----------  ----  ----
00000-00003     4  0  
00004-007FF    61  1983  
00800-00FFF     0  2048  
01000-017FF     0  2048  
01800-01FFF     0  2048  



