
ROM used:   964/8192 (12%)
            964/8192 (12%) including unused fragments

            0.8 Average locations per line
            5.1 Average locations per statement

RAM used:   11/368 (3%) at main() level
            27/368 (7%) worst case

Stack used: 5 worst case (5 in main + 0 for interrupts)
Stack size: 8

Lines Stmts  %   Files
----- ----- ---  -----
  144    88  47  4way.c
   10     0   0  main3.h
  661     0   0  ..\..\..\..\..\Program Files (x86)\PICC\Devices\16F877A.h
  456   100  53  ..\..\..\..\..\Program Files (x86)\PICC\Drivers\lcd.c
----- -----
 1271   188 Total

Page ROM  %  RAM   Vol Diff  Functions:
---- --- --- ---   --- ----  ----------
0     21   2    1             @delay_ms1
0      8   1    0             @const626
 Inline         3   760  4.5  lcd_read_byte
0     49   5    2   262  3.7  lcd_read_nibble
0     43   4    1   399  2.4  lcd_send_nibble
0     92  10    3   415  3.7  lcd_send_byte
0     61   6    2   704  5.0  lcd_init
0     18   2    4   208  6.3  lcd_gotoxy
0     44   5    1   354  4.7  lcd_putc
0     17   2    0    48  1.1  inn
0    114  12    1   508  1.4  led_r
0     25   3    0   102  1.7  call1
0     25   3    0   102  1.7  call2
0     25   3    0   102  1.7  call3
0     25   3    0   102  1.7  call4
0    187  19    1  1195  5.3  MAIN
0      7   1    0             @const671
0     84   9    5             @PSTRINGCN7_645
0     21   2    3             @DIV88
0     87   9    6             @PRINTF_D_645
0      7   1    0             @const680
 Inline         0             @cinit1

Program metrics:
    Functions               14
    Statements              188
    Comments                212
    Volume (V)              8560
    Difficulty (D)          43.9
    Effort to implement (E) 375725
    Time to implement (T)   5 hours, 48 minutes
    Est Delivered Bugs (B)  2
    Cyclomatic Complexity   16
    Maintainability (MI)    83

 Segment     Used  Free
-----------  ----  ----
00000-00003     4  0  
00004-007FF   960  1084  
00800-00FFF     0  2048  
01000-017FF     0  2048  
01800-01FFF     0  2048  



