
ROM used:   690/8192 (8%)
            690/8192 (8%) including unused fragments

            0.6 Average locations per line
            6.0 Average locations per statement

RAM used:   6/368 (2%) at main() level
            24/368 (7%) worst case

Stack used: 5 worst case (5 in main + 0 for interrupts)
Stack size: 8

Lines Stmts  %   Files
----- ----- ---  -----
   43    15  13  bus.c
  661     0   0  ..\..\..\..\..\..\..\..\Program Files (x86)\PICC\Devices\16F877A.h
  456   100  87  ..\..\..\..\..\..\..\..\Program Files (x86)\PICC\Drivers\lcd.c
----- -----
 1160   115 Total

Page ROM  %  RAM   Vol Diff  Functions:
---- --- --- ---   --- ----  ----------
0     21   3    1             @delay_ms1
0      8   1    0             @const626
 Inline         3   760  4.5  lcd_read_byte
0     49   7    2   262  3.7  lcd_read_nibble
0     43   6    1   399  2.4  lcd_send_nibble
0     92  13    3   415  3.7  lcd_send_byte
0     61   9    2   704  5.0  lcd_init
0     18   3    4   208  6.3  lcd_gotoxy
0     44   6    1   354  4.7  lcd_putc
0     63   9    1   331  4.0  MAIN
0      6   1    0             @const661
0     86  12    5             @PSTRINGCN7_645
0     21   3    3             @DIV88
0     89  13    6             @PRINTF_D_645
0      8   1    0             @const670
0     77  11    4             @PSTRINGC7_645
 Inline         0             @cinit1

Program metrics:
    Functions               8
    Statements              115
    Comments                225
    Volume (V)              5245
    Difficulty (D)          32.9
    Effort to implement (E) 172497
    Time to implement (T)   2 hours, 40 minutes
    Est Delivered Bugs (B)  1
    Cyclomatic Complexity   10
    Maintainability (MI)    141

 Segment     Used  Free
-----------  ----  ----
00000-00003     4  0  
00004-007FF   686  1358  
00800-00FFF     0  2048  
01000-017FF     0  2048  
01800-01FFF     0  2048  



