
ROM used:   392/8192 (5%)
            392/8192 (5%) including unused fragments

            0.3 Average locations per line
            3.1 Average locations per statement

RAM used:   7/368 (2%) at main() level
            20/368 (5%) worst case

Stack used: 2 worst case (2 in main + 0 for interrupts)
Stack size: 8

Lines Stmts  %   Files
----- ----- ---  -----
   49    43  34  4mhz.c
  661     0   0  ..\..\..\..\..\..\..\Program Files (x86)\PICC\Devices\16F877A.h
  456    84  66  ..\..\..\..\..\..\..\Program Files (x86)\PICC\Drivers\lcd.c
----- -----
 1166   127 Total

Page ROM  %  RAM   Vol Diff  Functions:
---- --- --- ---   --- ----  ----------
0     21   5    1             @delay_ms1
0      8   2    0             @const629
 Inline         3   596  5.9  lcd_read_byte
0      6   2    0    59  4.2  lcd_read_nibble
0     12   3    1   179  3.3  lcd_send_nibble
 Inline         3   460  4.7  lcd_send_byte
0    113  29    2   667  5.9  lcd_init
0    228  58    1  1200  7.7  MAIN
 Inline         0             @cinit1

Program metrics:
    Functions               6
    Statements              127
    Comments                212
    Volume (V)              4411
    Difficulty (D)          30.5
    Effort to implement (E) 134744
    Time to implement (T)   2 hours, 5 minutes
    Est Delivered Bugs (B)  1
    Cyclomatic Complexity   6
    Maintainability (MI)    98

 Segment     Used  Free
-----------  ----  ----
00000-00003     4  0  
00004-007FF   388  1656  
00800-00FFF     0  2048  
01000-017FF     0  2048  
01800-01FFF     0  2048  



