
ROM used:   115/8192 (1%)
            115/8192 (1%) including unused fragments

            0.2 Average locations per line
            9.6 Average locations per statement

RAM used:   10/368 (3%) at main() level
            11/368 (3%) worst case

Stack used: 1 worst case (1 in main + 0 for interrupts)
Stack size: 8

Lines Stmts  %   Files
----- ----- ---  -----
   36    12 100  generator.c
  661     0   0  ..\..\..\..\..\..\..\Program Files (x86)\PICC\Devices\16F877A.h
----- -----
  697    12 Total

Page ROM  %  RAM   Vol Diff  Functions:
---- --- --- ---   --- ----  ----------
0     23  20    1             @delay_ms1
0     88  77    4   280  2.9  main
 Inline         0             @cinit1

Program metrics:
    Functions               1
    Statements              12
    Comments                113
    Volume (V)              285
    Difficulty (D)          2.7
    Effort to implement (E) 763
    Time to implement (T)   1 minutes
    Est Delivered Bugs (B)  0
    Cyclomatic Complexity   1
    Maintainability (MI)    67

 Segment     Used  Free
-----------  ----  ----
00000-00003     4  0  
00004-007FF   111  1933  
00800-00FFF     0  2048  
01000-017FF     0  2048  
01800-01FFF     0  2048  



