
ROM used:   729/8192 (9%)
            729/8192 (9%) including unused fragments

            0.6 Average locations per line
            6.2 Average locations per statement

RAM used:   9/368 (2%) at main() level
            22/368 (6%) worst case

Stack used: 5 worst case (5 in main + 0 for interrupts)
Stack size: 8

Lines Stmts  %   Files
----- ----- ---  -----
   45    18  15  digi clock.c
  661     0   0  ..\..\..\..\..\..\..\Program Files (x86)\PICC\Devices\16F877A.h
  456   100  85  ..\..\..\..\..\..\..\Program Files (x86)\PICC\Drivers\lcd.c
----- -----
 1162   118 Total

Page ROM  %  RAM   Vol Diff  Functions:
---- --- --- ---   --- ----  ----------
0     21   3    1             @delay_ms1
 Inline         3             @I2C_READ_1
0     74  10    1             @I2C_WRITE_1
0      8   1    0             @const631
 Inline         3   760  4.5  lcd_read_byte
0     49   7    2   262  3.7  lcd_read_nibble
0     43   6    1   399  2.4  lcd_send_nibble
0     92  13    3   415  3.7  lcd_send_byte
0     61   8    2   704  5.0  lcd_init
0     18   2    4   208  6.3  lcd_gotoxy
0     44   6    1   354  4.7  lcd_putc
0    177  24    2   183  2.4  read
0    105  14    3   341  2.3  MAIN
0     33   5    2             @PRINTF_X_650
 Inline         0             @cinit1

Program metrics:
    Functions               9
    Statements              118
    Comments                213
    Volume (V)              5656
    Difficulty (D)          33.7
    Effort to implement (E) 190331
    Time to implement (T)   2 hours, 56 minutes
    Est Delivered Bugs (B)  1
    Cyclomatic Complexity   8
    Maintainability (MI)    143

 Segment     Used  Free
-----------  ----  ----
00000-00003     4  0  
00004-007FF   725  1319  
00800-00FFF     0  2048  
01000-017FF     0  2048  
01800-01FFF     0  2048  



